0 info it worked if it ends with ok
1 verbose cli [ 'c:\\Program Files\\nodejs\\node.exe',
1 verbose cli   'c:\\Program Files\\nodejs\\node_modules\\npm\\bin\\npm-cli.js',
1 verbose cli   'info',
1 verbose cli   'ng-google' ]
2 info using npm@1.4.28
3 info using node@v0.10.32
4 verbose request where is /ng-google
5 verbose request registry https://registry.npmjs.org/
6 verbose request id fd6c3ca206046339
7 verbose url raw /ng-google
8 verbose url resolving [ 'https://registry.npmjs.org/', './ng-google' ]
9 verbose url resolved https://registry.npmjs.org/ng-google
10 verbose request where is https://registry.npmjs.org/ng-google
11 info trying registry request attempt 1 at 10:33:24
12 http GET https://registry.npmjs.org/ng-google
13 http 404 https://registry.npmjs.org/ng-google
14 verbose headers { date: 'Mon, 06 Oct 2014 13:33:28 GMT',
14 verbose headers   server: 'CouchDB/1.5.0 (Erlang OTP/R14B04)',
14 verbose headers   'content-type': 'application/json',
14 verbose headers   'cache-control': 'max-age=0',
14 verbose headers   'content-length': '52',
14 verbose headers   'accept-ranges': 'bytes',
14 verbose headers   via: '1.1 varnish',
14 verbose headers   age: '0',
14 verbose headers   'x-served-by': 'cache-iad2134-IAD',
14 verbose headers   'x-cache': 'MISS',
14 verbose headers   'x-cache-hits': '0',
14 verbose headers   'x-timer': 'S1412602408.585204,VS0,VE18',
14 verbose headers   'keep-alive': 'timeout=10, max=50',
14 verbose headers   connection: 'Keep-Alive' }
15 silly registry.get cb [ 404,
15 silly registry.get   { date: 'Mon, 06 Oct 2014 13:33:28 GMT',
15 silly registry.get     server: 'CouchDB/1.5.0 (Erlang OTP/R14B04)',
15 silly registry.get     'content-type': 'application/json',
15 silly registry.get     'cache-control': 'max-age=0',
15 silly registry.get     'content-length': '52',
15 silly registry.get     'accept-ranges': 'bytes',
15 silly registry.get     via: '1.1 varnish',
15 silly registry.get     age: '0',
15 silly registry.get     'x-served-by': 'cache-iad2134-IAD',
15 silly registry.get     'x-cache': 'MISS',
15 silly registry.get     'x-cache-hits': '0',
15 silly registry.get     'x-timer': 'S1412602408.585204,VS0,VE18',
15 silly registry.get     'keep-alive': 'timeout=10, max=50',
15 silly registry.get     connection: 'Keep-Alive' } ]
16 error 404 404 Not Found: ng-google
16 error 404
16 error 404 'ng-google' is not in the npm registry.
16 error 404 You should bug the author to publish it
16 error 404
16 error 404 Note that you can also install from a
16 error 404 tarball, folder, or http url, or git url.
17 error System Windows_NT 6.1.7600
18 error command "c:\\Program Files\\nodejs\\node.exe" "c:\\Program Files\\nodejs\\node_modules\\npm\\bin\\npm-cli.js" "info" "ng-google"
19 error cwd c:\Users\Victor Queiroz\public_html\ngGoogle
20 error node -v v0.10.32
21 error npm -v 1.4.28
22 error code E404
23 verbose exit [ 1, true ]
